<?xml version="1.0" encoding="UTF-8"?>
<robot generator="Robot 3.2.2 (Python 3.8.5 on win32)" generated="20210311 15:48:32.399" rpa="false">
<suite id="s1" name="Calcula2" source="C:\Users\lsantann\Desktop\MVP\Suite\calcula2.robot">
<test id="s1-t1" name="Scenario: Multiply 2 integers">
<kw name="Given that I'm on the calculator home screen" library="base">
<kw name="Open Application" library="AppiumLibrary">
<doc>Opens a new application to given Appium server.
Capabilities of appium server, Android and iOS,
Please check https://github.com/appium/appium/blob/master/docs/en/writing-running-appium/server-args.md
| *Option*            | *Man.* | *Description*     |
| remote_url          | Yes    | Appium server url |
| alias               | no     | alias             |</doc>
<arguments>
<arg>http://localhost:4723/wd/hub</arg>
<arg>automationName=UiAutomator2</arg>
<arg>platformName=Android</arg>
<arg>deviceName=SM_G973F</arg>
<arg>udid=RX8M404LMGX</arg>
</arguments>
<status status="PASS" starttime="20210311 15:48:32.723" endtime="20210311 15:48:52.908"></status>
</kw>
<kw name="Click Element" library="AppiumLibrary">
<doc>Click element identified by `locator`.</doc>
<arguments>
<arg>accessibility_id=Calculator</arg>
</arguments>
<msg timestamp="20210311 15:48:52.914" level="INFO">Clicking element 'accessibility_id=Calculator'.</msg>
<status status="PASS" starttime="20210311 15:48:52.909" endtime="20210311 15:48:53.223"></status>
</kw>
<kw name="Is Keyboard Shown" library="AppiumLibrary">
<doc>Return true if Android keyboard is displayed or False if not displayed
No parameters are used.</doc>
<status status="PASS" starttime="20210311 15:48:53.223" endtime="20210311 15:48:54.197"></status>
</kw>
<status status="PASS" starttime="20210311 15:48:32.722" endtime="20210311 15:48:54.197"></status>
</kw>
<kw name="When I multiplying 2 by 9" library="base">
<kw name="Click Element" library="AppiumLibrary">
<doc>Click element identified by `locator`.</doc>
<arguments>
<arg>${first_number}</arg>
</arguments>
<msg timestamp="20210311 15:48:54.202" level="INFO">Clicking element 'accessibility_id=2'.</msg>
<status status="PASS" starttime="20210311 15:48:54.200" endtime="20210311 15:48:54.367"></status>
</kw>
<kw name="Click Element" library="AppiumLibrary">
<doc>Click element identified by `locator`.</doc>
<arguments>
<arg>${operator}</arg>
</arguments>
<msg timestamp="20210311 15:48:54.369" level="INFO">Clicking element 'accessibility_id=Multiplication'.</msg>
<status status="PASS" starttime="20210311 15:48:54.368" endtime="20210311 15:48:54.970"></status>
</kw>
<kw name="Click Element" library="AppiumLibrary">
<doc>Click element identified by `locator`.</doc>
<arguments>
<arg>${second_number}</arg>
</arguments>
<msg timestamp="20210311 15:48:54.973" level="INFO">Clicking element 'accessibility_id=9'.</msg>
<status status="PASS" starttime="20210311 15:48:54.970" endtime="20210311 15:48:55.569"></status>
</kw>
<status status="PASS" starttime="20210311 15:48:54.199" endtime="20210311 15:48:55.570"></status>
</kw>
<kw name="Then Result should equal 18" library="base">
<kw name="Element Text Should Be" library="AppiumLibrary">
<doc>Verifies element identified by ``locator`` exactly contains text ``expected``.</doc>
<arguments>
<arg>${result}</arg>
<arg>18</arg>
</arguments>
<msg timestamp="20210311 15:48:55.573" level="INFO">Verifying element 'id=com.sec.android.app.popupcalculator:id/calc_tv_result' contains exactly text '18'.</msg>
<status status="PASS" starttime="20210311 15:48:55.572" endtime="20210311 15:48:56.139"></status>
</kw>
<kw name="Capture Page Screenshot" library="AppiumLibrary">
<doc>Takes a screenshot of the current page and embeds it into the log.</doc>
<msg timestamp="20210311 15:48:56.513" level="INFO" html="yes">&lt;/td&gt;&lt;/tr&gt;&lt;tr&gt;&lt;td colspan="3"&gt;&lt;a href="appium-screenshot-1.png"&gt;&lt;img src="appium-screenshot-1.png" width="800px"&gt;&lt;/a&gt;</msg>
<status status="PASS" starttime="20210311 15:48:56.139" endtime="20210311 15:48:56.514"></status>
</kw>
<kw name="Quit Application" library="AppiumLibrary">
<doc>Quit application. Application can be quit while Appium session is kept alive.
This keyword can be used to close application during test case or between test cases.</doc>
<status status="PASS" starttime="20210311 15:48:56.514" endtime="20210311 15:48:57.041"></status>
</kw>
<status status="PASS" starttime="20210311 15:48:55.571" endtime="20210311 15:48:57.042"></status>
</kw>
<status status="PASS" starttime="20210311 15:48:32.722" endtime="20210311 15:48:57.045" critical="yes"></status>
</test>
<status status="PASS" starttime="20210311 15:48:32.403" endtime="20210311 15:48:57.047"></status>
</suite>
<statistics>
<total>
<stat pass="1" fail="0">Critical Tests</stat>
<stat pass="1" fail="0">All Tests</stat>
</total>
<tag>
</tag>
<suite>
<stat pass="1" fail="0" id="s1" name="Calcula2">Calcula2</stat>
</suite>
</statistics>
<errors>
</errors>
</robot>
